<?xml version="1.0" encoding="UTF-8"?>
<con:testCase xmlns:con="http://eviware.com/soapui/config" xmlns:xsi="http://www.w3.org/2001/XMLSchema-instance" id="fb47aad8-3a85-4fee-9e8a-cfa44cb75ca4" discardOkResults="false" failOnError="false" failTestCaseOnErrors="true" keepSession="false" name="Test Case" searchProperties="true" timeout="0">
  <con:description id="781a8b80-0fd9-481c-9964-a44653da1dae">The test case generated for the REST resource [/payee/{payeeId}] located at [/payee/{payeeId}]</con:description>
  <con:settings>
    <con:setting id="fb47aad8-3a85-4fee-9e8a-cfa44cb75ca4fileName">Test-Case</con:setting>
    <con:setting id="IncludeOverview">true</con:setting>
    <con:setting id="IncludeResults">true</con:setting>
    <con:setting id="FlowLayout">false</con:setting>
    <con:setting id="ErrorDetails">true</con:setting>
    <con:setting id="IncludeCoverage">true</con:setting>
  </con:settings>
  <con:testStep type="VirtRunnerTestStep" name="Virtual Service Runner" id="356f46ff-9565-4083-957a-d6271a5842d6" disabled="true">
    <con:settings/>
    <con:config>
      <url>localhost</url>
      <server>Payees API Virtual Service</server>
      <action>run</action>
    </con:config>
  </con:testStep>
  <con:testStep type="datasource" name="Data Source" id="1aa14ed1-63b5-4e59-b82a-3dbace9cc34c">
    <con:settings/>
    <con:config xsi:type="con:DataSourceStep">
      <con:dataSource type="Excel">
        <con:configuration>
          <file>C:/Users/mairtin.conneely/OneDrive - SmartBear Software, Inc/Documents/Work/Excel/tst/${#Project#dataSourceName}.xlsx</file>
          <worksheet/>
          <cell>A1</cell>
          <ignoreEmpty>false</ignoreEmpty>
          <evaluateFormulas>false</evaluateFormulas>
        </con:configuration>
      </con:dataSource>
      <con:shared>true</con:shared>
      <con:restartShared>true</con:restartShared>
      <con:property>Id</con:property>
      <con:property>Name</con:property>
      <con:property>DateCreated</con:property>
      <con:property>accountType</con:property>
      <con:startRow>1</con:startRow>
      <con:endRow/>
      <con:recordsPerIteration>1</con:recordsPerIteration>
      <con:completeLastOperation>true</con:completeLastOperation>
      <con:trimValues>false</con:trimValues>
      <con:entitizeValues>false</con:entitizeValues>
      <con:restartOnRun>true</con:restartOnRun>
      <con:expandProperties>false</con:expandProperties>
      <con:stopDatasourceExhausted>false</con:stopDatasourceExhausted>
    </con:config>
  </con:testStep>
  <con:testStep type="restrequest" name="Get Payee" id="91792b58-2418-4045-ac27-b2eb4be0efce">
    <con:settings/>
    <con:config service="Payees API" resourcePath="/payee/{payeeId}" methodName="GET" xsi:type="con:RestRequestStep">
      <con:restRequest name="Get Payee" id="a390a7f7-3c7f-438f-884c-74d293e26bf5" mediaType="application/json">
        <con:settings>
          <con:setting id="com.eviware.soapui.impl.wsdl.WsdlRequest@request-headers">&lt;con:entry key="token" value="${#Project#projectToken}" xmlns:con="http://eviware.com/soapui/config"/></con:setting>
        </con:settings>
        <con:endpoint>http://localhost:8088</con:endpoint>
        <con:request/>
        <con:originalUri>https://virtserver.swaggerhub.com/Adrians_Org/Payees_API/1.2.0/payee/</con:originalUri>
        <con:assertion type="Response SLA Assertion" id="54ebeea0-09a4-43d6-8225-ae2404d8cc39" name="Response SLA">
          <con:configuration>
            <SLA>10</SLA>
          </con:configuration>
        </con:assertion>
        <con:credentials>
          <con:selectedAuthProfile>Inherit From Parent</con:selectedAuthProfile>
          <con:authType>No Authorization</con:authType>
        </con:credentials>
        <con:jmsConfig JMSDeliveryMode="PERSISTENT"/>
        <con:parameters>
          <con:entry key="payeeId" value="${Data Source#Id}"/>
        </con:parameters>
        <con:environmentSpec>
          <con:entry environmentId="f65b90da-3355-413b-8fa1-13e17040ddd0">
            <con:authProfile>Inherit From Parent</con:authProfile>
          </con:entry>
          <con:entry environmentId="32d6d81e-06cf-48f3-93d2-820943544c7c">
            <con:authProfile>Inherit From Parent</con:authProfile>
          </con:entry>
          <con:entry environmentId="bbc15548-9520-43e0-b936-6fc7f3b39708">
            <con:authProfile>Inherit From Parent</con:authProfile>
          </con:entry>
          <con:entry environmentId="dbd2e5a5-fafd-443e-88d2-3203312795d0">
            <con:authProfile>Inherit From Parent</con:authProfile>
          </con:entry>
        </con:environmentSpec>
      </con:restRequest>
    </con:config>
  </con:testStep>
  <con:testStep type="restrequest" name="Update Payee" id="997f7f06-cfce-4b12-adb7-43de56284b12">
    <con:settings/>
    <con:config service="Payees API" resourcePath="/payee/{payeeId}" methodName="POST" xsi:type="con:RestRequestStep">
      <con:restRequest name="Update Payee" id="fb2f349c-8609-4b83-9cd1-581c5c69b596" mediaType="application/json" postQueryString="false">
        <con:settings>
          <con:setting id="com.eviware.soapui.impl.wsdl.WsdlRequest@request-headers">&lt;xml-fragment/></con:setting>
        </con:settings>
        <con:endpoint>http://localhost:8088</con:endpoint>
        <con:request>{
	"firstName":"${Get Payee#Response#$['firstName']}",
	"lastName":"${Get Payee#Response#$['lastName']}",
	"accountName":"${Get Payee#Response#$['accountName']}"	
}</con:request>
        <con:originalUri>http://localhost/payee/9955</con:originalUri>
        <con:assertion type="Response SLA Assertion" id="4426369b-b93c-4b43-8572-719ed8b8f7d6" name="Response SLA">
          <con:configuration>
            <SLA>5000</SLA>
          </con:configuration>
        </con:assertion>
        <con:credentials>
          <con:selectedAuthProfile>Inherit From Parent</con:selectedAuthProfile>
          <con:authType>No Authorization</con:authType>
        </con:credentials>
        <con:jmsConfig JMSDeliveryMode="PERSISTENT"/>
        <con:parameters>
          <con:entry key="payeeId" value="${Data Source#Id}"/>
        </con:parameters>
        <con:environmentSpec>
          <con:entry environmentId="f65b90da-3355-413b-8fa1-13e17040ddd0">
            <con:authProfile>Inherit From Parent</con:authProfile>
          </con:entry>
          <con:entry environmentId="32d6d81e-06cf-48f3-93d2-820943544c7c">
            <con:authProfile>Inherit From Parent</con:authProfile>
          </con:entry>
          <con:entry environmentId="bbc15548-9520-43e0-b936-6fc7f3b39708">
            <con:authProfile>Inherit From Parent</con:authProfile>
          </con:entry>
          <con:entry environmentId="dbd2e5a5-fafd-443e-88d2-3203312795d0">
            <con:authProfile>Inherit From Parent</con:authProfile>
          </con:entry>
        </con:environmentSpec>
      </con:restRequest>
    </con:config>
  </con:testStep>
  <con:testStep type="restrequest" name="Delete Payee" id="a91e0a08-ebe6-4736-a994-dcb1b9bd757b">
    <con:settings/>
    <con:config service="Payees API" resourcePath="/payee/{payeeId}" methodName="DELETE" xsi:type="con:RestRequestStep">
      <con:restRequest name="Delete Payee" id="38dfa023-89bb-46f7-9900-bfd30062907a" mediaType="application/json" postQueryString="false">
        <con:settings>
          <con:setting id="com.eviware.soapui.impl.wsdl.WsdlRequest@request-headers">&lt;xml-fragment/></con:setting>
        </con:settings>
        <con:endpoint>https://virtserver.swaggerhub.com/Adrians_Org/Payees_API/1.2.0</con:endpoint>
        <con:request/>
        <con:originalUri>https://virtserver.swaggerhub.com/Adrians_Org/Payees_API/1.2.0/payee/2570</con:originalUri>
        <con:assertion type="Response SLA Assertion" id="0dae8b0d-5799-429c-8c3f-6cf057cbae12" name="Response SLA">
          <con:configuration>
            <SLA>5000</SLA>
          </con:configuration>
        </con:assertion>
        <con:credentials>
          <con:selectedAuthProfile>Inherit From Parent</con:selectedAuthProfile>
          <con:authType>No Authorization</con:authType>
        </con:credentials>
        <con:jmsConfig JMSDeliveryMode="PERSISTENT"/>
        <con:parameters>
          <con:entry key="payeeId" value="${Data Source#Id}"/>
        </con:parameters>
        <con:environmentSpec>
          <con:entry environmentId="f65b90da-3355-413b-8fa1-13e17040ddd0">
            <con:authProfile>Inherit From Parent</con:authProfile>
          </con:entry>
          <con:entry environmentId="32d6d81e-06cf-48f3-93d2-820943544c7c">
            <con:authProfile>Inherit From Parent</con:authProfile>
          </con:entry>
          <con:entry environmentId="bbc15548-9520-43e0-b936-6fc7f3b39708">
            <con:authProfile>Inherit From Parent</con:authProfile>
          </con:entry>
          <con:entry environmentId="dbd2e5a5-fafd-443e-88d2-3203312795d0">
            <con:authProfile>Inherit From Parent</con:authProfile>
          </con:entry>
        </con:environmentSpec>
      </con:restRequest>
    </con:config>
  </con:testStep>
  <con:testStep type="datasourceloop" name="Data Source Loop" id="9833c239-3355-44b3-a9ef-3c505a677663">
    <con:settings/>
    <con:config>
      <dataSourceStep>Data Source</dataSourceStep>
      <targetStep>Groovy Script</targetStep>
      <discardResults>false</discardResults>
    </con:config>
  </con:testStep>
  <con:testStep type="VirtRunnerTestStep" name="Virtual Service Runner 2" id="602b5855-7911-47dd-a0eb-cfbb5a64ddbe" disabled="true">
    <con:settings/>
    <con:config>
      <url>localhost</url>
      <server>Payees API Virtual Service</server>
      <action>stop</action>
    </con:config>
  </con:testStep>
  <con:properties/>
  <con:reportParameters/>
  <con:environmentSpec>
    <con:entry environmentId="f65b90da-3355-413b-8fa1-13e17040ddd0">
      <con:authProfile>Inherit From Parent</con:authProfile>
    </con:entry>
    <con:entry environmentId="32d6d81e-06cf-48f3-93d2-820943544c7c">
      <con:authProfile>Inherit From Parent</con:authProfile>
    </con:entry>
    <con:entry environmentId="bbc15548-9520-43e0-b936-6fc7f3b39708">
      <con:authProfile>Inherit From Parent</con:authProfile>
    </con:entry>
    <con:entry environmentId="dbd2e5a5-fafd-443e-88d2-3203312795d0">
      <con:authProfile>Inherit From Parent</con:authProfile>
    </con:entry>
  </con:environmentSpec>
</con:testCase>
