<?xml version="1.0" encoding="UTF-8"?>
<con:testCase xmlns:con="http://eviware.com/soapui/config" id="fb47aad8-3a85-4fee-9e8a-cfa44cb75ca4" discardOkResults="false" failOnError="false" failTestCaseOnErrors="true" keepSession="false" name="Test Case" searchProperties="true" timeout="0">
  <con:description id="781a8b80-0fd9-481c-9964-a44653da1dae">The test case generated for the REST resource [/payee/{payeeId}] located at [/payee/{payeeId}]</con:description>
  <con:settings>
    <con:setting id="fb47aad8-3a85-4fee-9e8a-cfa44cb75ca4fileName">Test-Case</con:setting>
  </con:settings>
  <con:testStep type="datasource" name="Data Source" id="1aa14ed1-63b5-4e59-b82a-3dbace9cc34c">
    <con:settings/>
    <con:config xmlns:xsi="http://www.w3.org/2001/XMLSchema-instance" xsi:type="con:DataSourceStep">
      <con:dataSource type="Data Generator">
        <con:configuration>
          <generatedDataCount>10</generatedDataCount>
          <generatorsTotalNumber>1</generatorsTotalNumber>
          <lastSelectedProperty>-1</lastSelectedProperty>
          <GeneratorType0>INT</GeneratorType0>
          <PropertyName0>payeeId</PropertyName0>
          <repetitionCountpayeeId>0</repetitionCountpayeeId>
          <repeatValuespayeeId>false</repeatValuespayeeId>
          <IntegerDataGeneratorMinValuepayeeId>1000</IntegerDataGeneratorMinValuepayeeId>
          <IntegerDataGeneratorMaxValuepayeeId>10000</IntegerDataGeneratorMaxValuepayeeId>
          <IntegerDataGeneratorStepValuepayeeId>1</IntegerDataGeneratorStepValuepayeeId>
          <IntegerDataGeneratorConsequentValuespayeeId>false</IntegerDataGeneratorConsequentValuespayeeId>
          <escapeSpaceSequence/>
        </con:configuration>
      </con:dataSource>
      <con:shared>true</con:shared>
      <con:restartShared>true</con:restartShared>
      <con:property>payeeId</con:property>
      <con:restartOnRun>true</con:restartOnRun>
      <con:stopDatasourceExhausted>false</con:stopDatasourceExhausted>
    </con:config>
  </con:testStep>
  <con:testStep type="restrequest" name="Get Payee" id="91792b58-2418-4045-ac27-b2eb4be0efce">
    <con:settings/>
    <con:config xmlns:xsi="http://www.w3.org/2001/XMLSchema-instance" service="Payees API" resourcePath="/payee/{payeeId}" methodName="GET" xsi:type="con:RestRequestStep">
      <con:restRequest name="Get Payee" id="a390a7f7-3c7f-438f-884c-74d293e26bf5" mediaType="application/json">
        <con:settings>
          <con:setting id="com.eviware.soapui.impl.wsdl.WsdlRequest@request-headers">&lt;xml-fragment/></con:setting>
        </con:settings>
        <con:endpoint>http://localhost:8088</con:endpoint>
        <con:request/>
        <con:originalUri>https://virtserver.swaggerhub.com/Adrians_Org/Payees_API/1.2.0/payee/</con:originalUri>
        <con:credentials>
          <con:selectedAuthProfile>Inherit From Parent</con:selectedAuthProfile>
          <con:authType>No Authorization</con:authType>
        </con:credentials>
        <con:jmsConfig JMSDeliveryMode="PERSISTENT"/>
        <con:parameters>
          <con:entry key="payeeId" value="${Data Source#payeeId}"/>
        </con:parameters>
      </con:restRequest>
    </con:config>
  </con:testStep>
  <con:testStep type="restrequest" name="Update Payee" id="997f7f06-cfce-4b12-adb7-43de56284b12">
    <con:settings/>
    <con:config xmlns:xsi="http://www.w3.org/2001/XMLSchema-instance" service="Payees API" resourcePath="/payee/{payeeId}" methodName="POST" xsi:type="con:RestRequestStep">
      <con:restRequest name="Update Payee" id="fb2f349c-8609-4b83-9cd1-581c5c69b596" mediaType="application/json" postQueryString="false">
        <con:settings>
          <con:setting id="com.eviware.soapui.impl.wsdl.WsdlRequest@request-headers">&lt;xml-fragment/></con:setting>
        </con:settings>
        <con:endpoint>https://localhost:8088</con:endpoint>
        <con:request>{
	"firstName":"${Get Payee#Response#$['firstName']}",
	"lastName":"${Get Payee#Response#$['lastName']}",
	"accountName":"${Get Payee#Response#$['accountName']}"	
}</con:request>
        <con:credentials>
          <con:selectedAuthProfile>Inherit From Parent</con:selectedAuthProfile>
          <con:authType>No Authorization</con:authType>
        </con:credentials>
        <con:jmsConfig JMSDeliveryMode="PERSISTENT"/>
        <con:parameters>
          <con:entry key="payeeId" value="${Data Source#payeeId}"/>
        </con:parameters>
      </con:restRequest>
    </con:config>
  </con:testStep>
  <con:testStep type="restrequest" name="Delete Payee" id="a91e0a08-ebe6-4736-a994-dcb1b9bd757b">
    <con:settings/>
    <con:config xmlns:xsi="http://www.w3.org/2001/XMLSchema-instance" service="Payees API" resourcePath="/payee/{payeeId}" methodName="DELETE" xsi:type="con:RestRequestStep">
      <con:restRequest name="Delete Payee" id="38dfa023-89bb-46f7-9900-bfd30062907a" mediaType="application/json" postQueryString="false">
        <con:settings/>
        <con:endpoint>https://virtserver.swaggerhub.com/Adrians_Org/Payees_API/1.2.0</con:endpoint>
        <con:request/>
        <con:credentials>
          <con:selectedAuthProfile>Inherit From Parent</con:selectedAuthProfile>
          <con:authType>No Authorization</con:authType>
        </con:credentials>
        <con:jmsConfig JMSDeliveryMode="PERSISTENT"/>
        <con:parameters>
          <con:entry key="payeeId" value="${Data Source#payeeId}"/>
        </con:parameters>
      </con:restRequest>
    </con:config>
  </con:testStep>
  <con:testStep type="datasourceloop" name="Data Source Loop" id="9833c239-3355-44b3-a9ef-3c505a677663">
    <con:settings/>
    <con:config>
      <dataSourceStep>Data Source</dataSourceStep>
      <targetStep>Get Payee</targetStep>
      <discardResults>true</discardResults>
    </con:config>
  </con:testStep>
  <con:properties/>
  <con:reportParameters/>
</con:testCase>
